build/app/intermediates/manifest_merge_blame_file/release/manifest-merger-blame-release-report.txt
1<?xml version="1.0" encoding="utf-8"?>
2<manifest xmlns:android="http://schemas.android.com/apk/res/android"
3    package="io.qpdl.qpdl"
4    android:versionCode="1"
5    android:versionName="1.0.0" >
6
7    <uses-sdk
8        android:minSdkVersion="21"
8-->src/main/AndroidManifest.xml
9        android:targetSdkVersion="30" />
9-->src/main/AndroidManifest.xml
10
11    <uses-permission android:name="android.permission.INTERNET" />
11-->src/main/AndroidManifest.xml:3:5-66
11-->src/main/AndroidManifest.xml:3:22-64
12    <uses-permission android:name="android.permission.INTERNET" />
12-->src/main/AndroidManifest.xml:3:5-66
12-->src/main/AndroidManifest.xml:3:22-64
13    <uses-permission android:name="android.permission.CAMERA" />
13-->src/main/AndroidManifest.xml:5:5-65
13-->src/main/AndroidManifest.xml:5:22-62
14    <uses-permission android:name="android.permission.RECORD_AUDIO" />
14-->src/main/AndroidManifest.xml:6:5-71
14-->src/main/AndroidManifest.xml:6:22-68
15    <uses-permission android:name="android.permission.MODIFY_AUDIO_SETTINGS" />
15-->src/main/AndroidManifest.xml:7:5-80
15-->src/main/AndroidManifest.xml:7:22-77
16    <uses-permission android:name="android.permission.VIDEO_CAPTURE" />
16-->src/main/AndroidManifest.xml:8:5-72
16-->src/main/AndroidManifest.xml:8:22-69
17    <uses-permission android:name="android.permission.AUDIO_CAPTURE" />
17-->src/main/AndroidManifest.xml:9:5-72
17-->src/main/AndroidManifest.xml:9:22-69
18
19    <queries>
19-->[:flutter_inappwebview] AndroidManifest.xml:7:5-11:15
20        <intent>
20-->[:flutter_inappwebview] AndroidManifest.xml:8:9-10:18
21            <action android:name="android.support.customtabs.action.CustomTabsService" />
21-->[:flutter_inappwebview] AndroidManifest.xml:9:13-90
21-->[:flutter_inappwebview] AndroidManifest.xml:9:21-87
22        </intent>
23    </queries>
24
25    <application
25-->src/main/AndroidManifest.xml:10:4-56:19
26        android:appComponentFactory="androidx.core.app.CoreComponentFactory"
26-->[androidx.core:core:1.7.0] AndroidManifest.xml:24:18-86
27        android:icon="@mipmap/ic_launcher"
27-->src/main/AndroidManifest.xml:12:9-43
28        android:label="qpdl" >
28-->src/main/AndroidManifest.xml:11:9-29
29        <provider
30            android:name="com.pichillilorenzo.flutter_inappwebview.InAppWebViewFileProvider"
30-->src/main/AndroidManifest.xml:14:16-96
31            android:authorities="io.qpdl.qpdl.flutter_inappwebview.fileprovider"
31-->src/main/AndroidManifest.xml:15:16-88
32            android:exported="false"
32-->src/main/AndroidManifest.xml:16:16-40
33            android:grantUriPermissions="true" >
33-->src/main/AndroidManifest.xml:17:16-50
34            <meta-data
34-->src/main/AndroidManifest.xml:18:12-20:61
35                android:name="android.support.FILE_PROVIDER_PATHS"
35-->src/main/AndroidManifest.xml:19:20-70
36                android:resource="@xml/provider_paths" />
36-->src/main/AndroidManifest.xml:20:20-58
37        </provider>
38
39        <activity
39-->src/main/AndroidManifest.xml:22:9-50:20
40            android:name="io.qpdl.qpdl.MainActivity"
40-->src/main/AndroidManifest.xml:23:13-41
41            android:configChanges="orientation|keyboardHidden|keyboard|screenSize|smallestScreenSize|locale|layoutDirection|fontScale|screenLayout|density|uiMode"
41-->src/main/AndroidManifest.xml:26:13-163
42            android:hardwareAccelerated="true"
42-->src/main/AndroidManifest.xml:27:13-47
43            android:launchMode="singleTop"
43-->src/main/AndroidManifest.xml:24:13-43
44            android:theme="@style/LaunchTheme"
44-->src/main/AndroidManifest.xml:25:13-47
45            android:windowSoftInputMode="adjustResize" >
45-->src/main/AndroidManifest.xml:28:13-55
46
47            <!--
48                 Specifies an Android theme to apply to this Activity as soon as
49                 the Android process has started. This theme is visible to the user
50                 while the Flutter UI initializes. After that, this theme continues
51                 to determine the Window background behind the Flutter UI.
52            -->
53            <meta-data
53-->src/main/AndroidManifest.xml:33:13-36:17
54                android:name="io.flutter.embedding.android.NormalTheme"
54-->src/main/AndroidManifest.xml:34:15-70
55                android:resource="@style/NormalTheme" />
55-->src/main/AndroidManifest.xml:35:15-52
56            <!--
57                 Displays an Android View that continues showing the launch screen
58                 Drawable until Flutter paints its first frame, then this splash
59                 screen fades out. A splash screen is useful to avoid any visual
60                 gap between the end of Android's launch screen and the painting of
61                 Flutter's first frame.
62            -->
63            <meta-data
63-->src/main/AndroidManifest.xml:42:13-45:17
64                android:name="io.flutter.embedding.android.SplashScreenDrawable"
64-->src/main/AndroidManifest.xml:43:15-79
65                android:resource="@drawable/launch_background" />
65-->src/main/AndroidManifest.xml:44:15-61
66
67            <intent-filter>
67-->src/main/AndroidManifest.xml:46:13-49:29
68                <action android:name="android.intent.action.MAIN" />
68-->src/main/AndroidManifest.xml:47:17-68
68-->src/main/AndroidManifest.xml:47:25-66
69
70                <category android:name="android.intent.category.LAUNCHER" />
70-->src/main/AndroidManifest.xml:48:17-76
70-->src/main/AndroidManifest.xml:48:27-74
71            </intent-filter>
72        </activity>
73        <!--
74             Don't delete the meta-data below.
75             This is used by the Flutter tool to generate GeneratedPluginRegistrant.java
76        -->
77        <meta-data
77-->src/main/AndroidManifest.xml:53:9-55:33
78            android:name="flutterEmbedding"
78-->src/main/AndroidManifest.xml:54:13-44
79            android:value="2" />
79-->src/main/AndroidManifest.xml:55:13-30
80
81        <activity
81-->[:flutter_inappwebview] AndroidManifest.xml:14:9-18:47
82            android:name="com.pichillilorenzo.flutter_inappwebview.in_app_browser.InAppBrowserActivity"
82-->[:flutter_inappwebview] AndroidManifest.xml:15:13-104
83            android:configChanges="orientation|keyboardHidden|keyboard|screenSize|locale|layoutDirection|fontScale|screenLayout|density"
83-->[:flutter_inappwebview] AndroidManifest.xml:16:13-137
84            android:exported="true"
84-->[:flutter_inappwebview] AndroidManifest.xml:17:13-36
85            android:theme="@style/AppTheme" />
85-->[:flutter_inappwebview] AndroidManifest.xml:18:13-44
86        <activity
86-->[:flutter_inappwebview] AndroidManifest.xml:19:9-22:55
87            android:name="com.pichillilorenzo.flutter_inappwebview.chrome_custom_tabs.ChromeCustomTabsActivity"
87-->[:flutter_inappwebview] AndroidManifest.xml:20:13-112
88            android:exported="true"
88-->[:flutter_inappwebview] AndroidManifest.xml:21:13-36
89            android:theme="@style/ThemeTransparent" />
89-->[:flutter_inappwebview] AndroidManifest.xml:22:13-52
90        <activity
90-->[:flutter_inappwebview] AndroidManifest.xml:23:9-26:55
91            android:name="com.pichillilorenzo.flutter_inappwebview.chrome_custom_tabs.TrustedWebActivity"
91-->[:flutter_inappwebview] AndroidManifest.xml:24:13-106
92            android:exported="true"
92-->[:flutter_inappwebview] AndroidManifest.xml:25:13-36
93            android:theme="@style/ThemeTransparent" />
93-->[:flutter_inappwebview] AndroidManifest.xml:26:13-52
94        <activity
94-->[:flutter_inappwebview] AndroidManifest.xml:27:9-31:55
95            android:name="com.pichillilorenzo.flutter_inappwebview.chrome_custom_tabs.ChromeCustomTabsActivitySingleInstance"
95-->[:flutter_inappwebview] AndroidManifest.xml:28:13-126
96            android:exported="true"
96-->[:flutter_inappwebview] AndroidManifest.xml:29:13-36
97            android:launchMode="singleInstance"
97-->[:flutter_inappwebview] AndroidManifest.xml:30:13-48
98            android:theme="@style/ThemeTransparent" />
98-->[:flutter_inappwebview] AndroidManifest.xml:31:13-52
99        <activity
99-->[:flutter_inappwebview] AndroidManifest.xml:32:9-36:55
100            android:name="com.pichillilorenzo.flutter_inappwebview.chrome_custom_tabs.TrustedWebActivitySingleInstance"
100-->[:flutter_inappwebview] AndroidManifest.xml:33:13-120
101            android:exported="true"
101-->[:flutter_inappwebview] AndroidManifest.xml:34:13-36
102            android:launchMode="singleInstance"
102-->[:flutter_inappwebview] AndroidManifest.xml:35:13-48
103            android:theme="@style/ThemeTransparent" />
103-->[:flutter_inappwebview] AndroidManifest.xml:36:13-52
104
105        <receiver
105-->[:flutter_inappwebview] AndroidManifest.xml:38:9-41:40
106            android:name="com.pichillilorenzo.flutter_inappwebview.chrome_custom_tabs.ActionBroadcastReceiver"
106-->[:flutter_inappwebview] AndroidManifest.xml:39:13-111
107            android:enabled="true"
107-->[:flutter_inappwebview] AndroidManifest.xml:40:13-35
108            android:exported="false" />
108-->[:flutter_inappwebview] AndroidManifest.xml:41:13-37
109
110        <meta-data
110-->[:flutter_inappwebview] AndroidManifest.xml:43:9-45:36
111            android:name="io.flutter.embedded_views_preview"
111-->[:flutter_inappwebview] AndroidManifest.xml:44:13-61
112            android:value="true" />
112-->[:flutter_inappwebview] AndroidManifest.xml:45:13-33
113
114        <activity
114-->[:url_launcher_android] AndroidManifest.xml:8:9-11:74
115            android:name="io.flutter.plugins.urllauncher.WebViewActivity"
115-->[:url_launcher_android] AndroidManifest.xml:9:13-74
116            android:exported="false"
116-->[:url_launcher_android] AndroidManifest.xml:10:13-37
117            android:theme="@android:style/Theme.NoTitleBar.Fullscreen" />
117-->[:url_launcher_android] AndroidManifest.xml:11:13-71
118
119        <uses-library
119-->[androidx.window:window:1.0.0-beta04] AndroidManifest.xml:25:9-27:40
120            android:name="androidx.window.extensions"
120-->[androidx.window:window:1.0.0-beta04] AndroidManifest.xml:26:13-54
121            android:required="false" />
121-->[androidx.window:window:1.0.0-beta04] AndroidManifest.xml:27:13-37
122        <uses-library
122-->[androidx.window:window:1.0.0-beta04] AndroidManifest.xml:28:9-30:40
123            android:name="androidx.window.sidecar"
123-->[androidx.window:window:1.0.0-beta04] AndroidManifest.xml:29:13-51
124            android:required="false" />
124-->[androidx.window:window:1.0.0-beta04] AndroidManifest.xml:30:13-37
125
126        <provider
126-->[androidx.emoji2:emoji2:1.0.0] AndroidManifest.xml:26:9-34:20
127            android:name="androidx.startup.InitializationProvider"
127-->[androidx.emoji2:emoji2:1.0.0] AndroidManifest.xml:27:13-67
128            android:authorities="io.qpdl.qpdl.androidx-startup"
128-->[androidx.emoji2:emoji2:1.0.0] AndroidManifest.xml:28:13-68
129            android:exported="false" >
129-->[androidx.emoji2:emoji2:1.0.0] AndroidManifest.xml:29:13-37
130            <meta-data
130-->[androidx.emoji2:emoji2:1.0.0] AndroidManifest.xml:31:13-33:52
131                android:name="androidx.emoji2.text.EmojiCompatInitializer"
131-->[androidx.emoji2:emoji2:1.0.0] AndroidManifest.xml:32:17-75
132                android:value="androidx.startup" />
132-->[androidx.emoji2:emoji2:1.0.0] AndroidManifest.xml:33:17-49
133            <meta-data
133-->[androidx.lifecycle:lifecycle-process:2.4.0] AndroidManifest.xml:31:13-33:52
134                android:name="androidx.lifecycle.ProcessLifecycleInitializer"
134-->[androidx.lifecycle:lifecycle-process:2.4.0] AndroidManifest.xml:32:17-78
135                android:value="androidx.startup" />
135-->[androidx.lifecycle:lifecycle-process:2.4.0] AndroidManifest.xml:33:17-49
136        </provider>
137    </application>
138
139</manifest>